<?xml version="1.0" encoding="UTF-8"?>
<!-- Generated by org.testng.reporters.JUnitReportReporter -->
<testsuite hostname="NAVMCTMTTL108" name="com.saksoft.qa.apttestscripts.APT_VoiceLineTest" tests="4" failures="0" timestamp="11 Jul 2020 04:54:06 GMT" time="2491.064" errors="0">
  <testcase name="verifyASRDevice" time="1410.036" classname="com.saksoft.qa.apttestscripts.APT_VoiceLineTest"/>
  <testcase name="verifyAddTrunk" time="666.647" classname="com.saksoft.qa.apttestscripts.APT_VoiceLineTest"/>
  <testcase name="verifyServicepanelinviewservicepage" time="285.479" classname="com.saksoft.qa.apttestscripts.APT_VoiceLineTest"/>
  <testcase name="viewTrunk" time="128.902" classname="com.saksoft.qa.apttestscripts.APT_VoiceLineTest"/>
</testsuite> <!-- com.saksoft.qa.apttestscripts.APT_VoiceLineTest -->
