<?xml version="1.0" encoding="UTF-8"?>
<!-- Generated by org.testng.reporters.JUnitReportReporter -->
<testsuite hostname="NAVMCTMTTL108" name="com.saksoft.qa.apttestscripts.APT_wholesale" tests="2" failures="0" timestamp="12 Jul 2020 13:31:17 GMT" time="648.009" errors="0">
  <testcase name="searchCreatedService" time="51.437" classname="com.saksoft.qa.apttestscripts.APT_wholesale"/>
  <testcase name="addTrunk" time="596.572" classname="com.saksoft.qa.apttestscripts.APT_wholesale"/>
</testsuite> <!-- com.saksoft.qa.apttestscripts.APT_wholesale -->
