<?xml version="1.0" encoding="UTF-8"?>
<!-- Generated by org.testng.reporters.JUnitReportReporter -->
<testsuite hostname="NAVMCTMTTL108" name="com.saksoft.qa.apttestscripts.APT_DomainManagementTest" tests="2" failures="0" timestamp="9 Jul 2020 08:48:27 GMT" time="689.272" errors="0">
  <testcase name="choosecustomer" time="183.406" classname="com.saksoft.qa.apttestscripts.APT_DomainManagementTest"/>
  <testcase name="CreateCustomer" time="505.866" classname="com.saksoft.qa.apttestscripts.APT_DomainManagementTest"/>
</testsuite> <!-- com.saksoft.qa.apttestscripts.APT_DomainManagementTest -->
