<?xml version="1.0" encoding="UTF-8"?>
<!-- Generated by org.testng.reporters.JUnitReportReporter -->
<testsuite hostname="NAVMCTMTTL108" name="com.saksoft.qa.apttestscripts.APT_NGINTest" tests="9" failures="0" timestamp="12 Jul 2020 19:27:11 GMT" time="952.013" errors="0">
  <testcase name="CreateCustomer" time="176.003" classname="com.saksoft.qa.apttestscripts.APT_NGINTest"/>
  <testcase name="verifyManagementOptionspanel" time="58.168" classname="com.saksoft.qa.apttestscripts.APT_NGINTest"/>
  <testcase name="verifyServicepanelinviewservicepage" time="42.319" classname="com.saksoft.qa.apttestscripts.APT_NGINTest"/>
  <testcase name="verifycreateorder" time="73.600" classname="com.saksoft.qa.apttestscripts.APT_NGINTest"/>
  <testcase name="choosecustomer" time="69.315" classname="com.saksoft.qa.apttestscripts.APT_NGINTest"/>
  <testcase name="AddReseller" time="194.579" classname="com.saksoft.qa.apttestscripts.APT_NGINTest"/>
  <testcase name="verifyUserDetailsInformation" time="247.677" classname="com.saksoft.qa.apttestscripts.APT_NGINTest"/>
  <testcase name="verifyservicecreation" time="61.844" classname="com.saksoft.qa.apttestscripts.APT_NGINTest"/>
  <testcase name="verifyservicetypeselection" time="28.508" classname="com.saksoft.qa.apttestscripts.APT_NGINTest"/>
</testsuite> <!-- com.saksoft.qa.apttestscripts.APT_NGINTest -->
