<?xml version="1.0" encoding="UTF-8"?>
<!-- Generated by org.testng.reporters.JUnitReportReporter -->
<testsuite hostname="NAVMCTMTTL108" name="com.saksoft.qa.apttestscripts.APT_NGINTest" tests="1" failures="0" timestamp="9 Jul 2020 15:17:04 GMT" time="311.053" errors="0">
  <testcase name="CreateCustomer" time="311.053" classname="com.saksoft.qa.apttestscripts.APT_NGINTest"/>
</testsuite> <!-- com.saksoft.qa.apttestscripts.APT_NGINTest -->
