<?xml version="1.0" encoding="UTF-8"?>
<!-- Generated by org.testng.reporters.JUnitReportReporter -->
<testsuite hostname="NAVMCTMTTL108" name="com.saksoft.qa.apttestscripts.APT_NGINTest" tests="13" failures="0" timestamp="10 Jul 2020 01:42:09 GMT" time="3873.271" errors="0">
  <testcase name="verifyResellerpanelinviewservicepage" time="77.083" classname="com.saksoft.qa.apttestscripts.APT_NGINTest"/>
  <testcase name="verifyResellerLinks" time="525.017" classname="com.saksoft.qa.apttestscripts.APT_NGINTest"/>
  <testcase name="CreateCustomer" time="282.976" classname="com.saksoft.qa.apttestscripts.APT_NGINTest"/>
  <testcase name="AddReseller" time="383.613" classname="com.saksoft.qa.apttestscripts.APT_NGINTest"/>
  <testcase name="verifyServicepanelinviewservicepage" time="386.774" classname="com.saksoft.qa.apttestscripts.APT_NGINTest"/>
  <testcase name="verifycreateorder" time="80.434" classname="com.saksoft.qa.apttestscripts.APT_NGINTest"/>
  <testcase name="verifyCustomerDetailsInformation" time="201.693" classname="com.saksoft.qa.apttestscripts.APT_NGINTest"/>
  <testcase name="choosecustomer" time="79.113" classname="com.saksoft.qa.apttestscripts.APT_NGINTest"/>
  <testcase name="verifyOrderDetailsInformation" time="505.142" classname="com.saksoft.qa.apttestscripts.APT_NGINTest"/>
  <testcase name="verifyManagementOptionspanel" time="95.857" classname="com.saksoft.qa.apttestscripts.APT_NGINTest"/>
  <testcase name="verifyservicetypeselection" time="41.749" classname="com.saksoft.qa.apttestscripts.APT_NGINTest"/>
  <testcase name="verifyservicecreation" time="141.787" classname="com.saksoft.qa.apttestscripts.APT_NGINTest"/>
  <testcase name="verifyUserDetailsInformation" time="1072.033" classname="com.saksoft.qa.apttestscripts.APT_NGINTest"/>
</testsuite> <!-- com.saksoft.qa.apttestscripts.APT_NGINTest -->
