<?xml version="1.0" encoding="UTF-8"?>
<!-- Generated by org.testng.reporters.JUnitReportReporter -->
<testsuite hostname="NAVMCTMTTL108" name="com.saksoft.qa.apttestscripts.APT_wholesale" tests="1" failures="0" timestamp="9 Jul 2020 23:19:29 GMT" time="49.157" errors="0">
  <testcase name="searchCreatedService" time="49.157" classname="com.saksoft.qa.apttestscripts.APT_wholesale"/>
</testsuite> <!-- com.saksoft.qa.apttestscripts.APT_wholesale -->
