<?xml version="1.0" encoding="UTF-8"?>
<!-- Generated by org.testng.reporters.JUnitReportReporter -->
<testsuite skipped="0" hostname="NAVMCTMTTL108" name="com.saksoft.qa.apttestscripts.APT_MCS_CreateAccessCoreDevice_MiniDSLAM" tests="3" failures="0" timestamp="2020-01-22T16:22:25 IST" time="272.491" errors="0">
  <testcase name="verifynavigationtocreatedevicepage" time="19.639" classname="com.saksoft.qa.apttestscripts.APT_MCS_CreateAccessCoreDevice_MiniDSLAM"/>
  <testcase name="verifycreatedevicefields" time="1.905" classname="com.saksoft.qa.apttestscripts.APT_MCS_CreateAccessCoreDevice_MiniDSLAM"/>
  <testcase name="verifycreateMiniDSLAMdevice" time="250.947" classname="com.saksoft.qa.apttestscripts.APT_MCS_CreateAccessCoreDevice_MiniDSLAM"/>
</testsuite> <!-- com.saksoft.qa.apttestscripts.APT_MCS_CreateAccessCoreDevice_MiniDSLAM -->
