<?xml version="1.0" encoding="UTF-8"?>
<!-- Generated by org.testng.reporters.JUnitReportReporter -->
<testsuite hostname="NAVMCTMTTL108" name="com.saksoft.qa.apttestscripts.APT_VoiceLineTest" tests="2" failures="0" timestamp="13 Jul 2020 04:26:19 GMT" time="959.086" errors="0">
  <testcase name="verifyServicepanelinviewservicepage" time="239.223" classname="com.saksoft.qa.apttestscripts.APT_VoiceLineTest"/>
  <testcase name="verifyASRDevice" time="719.863" classname="com.saksoft.qa.apttestscripts.APT_VoiceLineTest"/>
</testsuite> <!-- com.saksoft.qa.apttestscripts.APT_VoiceLineTest -->
