<?xml version="1.0" encoding="UTF-8"?>
<!-- Generated by org.testng.reporters.JUnitReportReporter -->
<testsuite hostname="NAVMCTMTTL108" name="com.saksoft.qa.apttestscripts.APT_VoiceLineTest" tests="13" failures="13" timestamp="9 Jul 2020 15:17:04 GMT" time="0.000" errors="0">
  <testcase name="verifyServicepanelinviewservicepage" time="0.000" classname="com.saksoft.qa.apttestscripts.APT_VoiceLineTest">
    <failure type="org.testng.TestNGException" message="
Method public void com.saksoft.qa.apttestscripts.APT_VoiceLineTest.verifyServicepanelinviewservicepage(java.util.Map) throws java.lang.InterruptedException,org.dom4j.DocumentException,java.io.IOException requires a @DataProvider named : Finaldatareader_VoiceLine in class com.saksoft.qa.driverlibrary.DataReader_PK">
      <![CDATA[org.testng.TestNGException: 
Method public void com.saksoft.qa.apttestscripts.APT_VoiceLineTest.verifyServicepanelinviewservicepage(java.util.Map) throws java.lang.InterruptedException,org.dom4j.DocumentException,java.io.IOException requires a @DataProvider named : Finaldatareader_VoiceLine in class com.saksoft.qa.driverlibrary.DataReader_PK
	at org.testng.internal.Parameters.findDataProvider(Parameters.java:268)
	at org.testng.internal.Parameters.handleParameters(Parameters.java:417)
	at org.testng.internal.Invoker.handleParameters(Invoker.java:1383)
	at org.testng.internal.Invoker.createParameters(Invoker.java:1075)
	at org.testng.internal.Invoker.invokeTestMethods(Invoker.java:1180)
	at org.testng.internal.TestMethodWorker.invokeTestMethods(TestMethodWorker.java:127)
	at org.testng.internal.TestMethodWorker.run(TestMethodWorker.java:111)
	at java.util.concurrent.ThreadPoolExecutor.runWorker(Unknown Source)
	at java.util.concurrent.ThreadPoolExecutor$Worker.run(Unknown Source)
	at java.lang.Thread.run(Unknown Source)
]]>
    </failure>
  </testcase> <!-- verifyServicepanelinviewservicepage -->
  <testcase name="choosecustomer" time="0.000" classname="com.saksoft.qa.apttestscripts.APT_VoiceLineTest">
    <failure type="org.testng.TestNGException" message="
Method public void com.saksoft.qa.apttestscripts.APT_VoiceLineTest.choosecustomer(java.util.Map) throws java.lang.InterruptedException,org.dom4j.DocumentException,java.io.IOException requires a @DataProvider named : Finaldatareader_VoiceLine in class com.saksoft.qa.driverlibrary.DataReader_PK">
      <![CDATA[org.testng.TestNGException: 
Method public void com.saksoft.qa.apttestscripts.APT_VoiceLineTest.choosecustomer(java.util.Map) throws java.lang.InterruptedException,org.dom4j.DocumentException,java.io.IOException requires a @DataProvider named : Finaldatareader_VoiceLine in class com.saksoft.qa.driverlibrary.DataReader_PK
	at org.testng.internal.Parameters.findDataProvider(Parameters.java:268)
	at org.testng.internal.Parameters.handleParameters(Parameters.java:417)
	at org.testng.internal.Invoker.handleParameters(Invoker.java:1383)
	at org.testng.internal.Invoker.createParameters(Invoker.java:1075)
	at org.testng.internal.Invoker.invokeTestMethods(Invoker.java:1180)
	at org.testng.internal.TestMethodWorker.invokeTestMethods(TestMethodWorker.java:127)
	at org.testng.internal.TestMethodWorker.run(TestMethodWorker.java:111)
	at java.util.concurrent.ThreadPoolExecutor.runWorker(Unknown Source)
	at java.util.concurrent.ThreadPoolExecutor$Worker.run(Unknown Source)
	at java.lang.Thread.run(Unknown Source)
]]>
    </failure>
  </testcase> <!-- choosecustomer -->
  <testcase name="verifyCustomerDetailsInformation" time="0.000" classname="com.saksoft.qa.apttestscripts.APT_VoiceLineTest">
    <failure type="org.testng.TestNGException" message="
Method public void com.saksoft.qa.apttestscripts.APT_VoiceLineTest.verifyCustomerDetailsInformation(java.util.Map) throws java.lang.InterruptedException,org.dom4j.DocumentException,java.io.IOException requires a @DataProvider named : Finaldatareader_VoiceLine in class com.saksoft.qa.driverlibrary.DataReader_PK">
      <![CDATA[org.testng.TestNGException: 
Method public void com.saksoft.qa.apttestscripts.APT_VoiceLineTest.verifyCustomerDetailsInformation(java.util.Map) throws java.lang.InterruptedException,org.dom4j.DocumentException,java.io.IOException requires a @DataProvider named : Finaldatareader_VoiceLine in class com.saksoft.qa.driverlibrary.DataReader_PK
	at org.testng.internal.Parameters.findDataProvider(Parameters.java:268)
	at org.testng.internal.Parameters.handleParameters(Parameters.java:417)
	at org.testng.internal.Invoker.handleParameters(Invoker.java:1383)
	at org.testng.internal.Invoker.createParameters(Invoker.java:1075)
	at org.testng.internal.Invoker.invokeTestMethods(Invoker.java:1180)
	at org.testng.internal.TestMethodWorker.invokeTestMethods(TestMethodWorker.java:127)
	at org.testng.internal.TestMethodWorker.run(TestMethodWorker.java:111)
	at java.util.concurrent.ThreadPoolExecutor.runWorker(Unknown Source)
	at java.util.concurrent.ThreadPoolExecutor$Worker.run(Unknown Source)
	at java.lang.Thread.run(Unknown Source)
]]>
    </failure>
  </testcase> <!-- verifyCustomerDetailsInformation -->
  <testcase name="verifyManagementOptionspanel" time="0.000" classname="com.saksoft.qa.apttestscripts.APT_VoiceLineTest">
    <failure type="org.testng.TestNGException" message="
Method public void com.saksoft.qa.apttestscripts.APT_VoiceLineTest.verifyManagementOptionspanel(java.util.Map) throws java.lang.InterruptedException,org.dom4j.DocumentException,java.io.IOException requires a @DataProvider named : Finaldatareader_VoiceLine in class com.saksoft.qa.driverlibrary.DataReader_PK">
      <![CDATA[org.testng.TestNGException: 
Method public void com.saksoft.qa.apttestscripts.APT_VoiceLineTest.verifyManagementOptionspanel(java.util.Map) throws java.lang.InterruptedException,org.dom4j.DocumentException,java.io.IOException requires a @DataProvider named : Finaldatareader_VoiceLine in class com.saksoft.qa.driverlibrary.DataReader_PK
	at org.testng.internal.Parameters.findDataProvider(Parameters.java:268)
	at org.testng.internal.Parameters.handleParameters(Parameters.java:417)
	at org.testng.internal.Invoker.handleParameters(Invoker.java:1383)
	at org.testng.internal.Invoker.createParameters(Invoker.java:1075)
	at org.testng.internal.Invoker.invokeTestMethods(Invoker.java:1180)
	at org.testng.internal.TestMethodWorker.invokeTestMethods(TestMethodWorker.java:127)
	at org.testng.internal.TestMethodWorker.run(TestMethodWorker.java:111)
	at java.util.concurrent.ThreadPoolExecutor.runWorker(Unknown Source)
	at java.util.concurrent.ThreadPoolExecutor$Worker.run(Unknown Source)
	at java.lang.Thread.run(Unknown Source)
]]>
    </failure>
  </testcase> <!-- verifyManagementOptionspanel -->
  <testcase name="verifycreateorder" time="0.000" classname="com.saksoft.qa.apttestscripts.APT_VoiceLineTest">
    <failure type="org.testng.TestNGException" message="
Method public void com.saksoft.qa.apttestscripts.APT_VoiceLineTest.verifycreateorder(java.util.Map) throws java.lang.InterruptedException,org.dom4j.DocumentException,java.io.IOException requires a @DataProvider named : Finaldatareader_VoiceLine in class com.saksoft.qa.driverlibrary.DataReader_PK">
      <![CDATA[org.testng.TestNGException: 
Method public void com.saksoft.qa.apttestscripts.APT_VoiceLineTest.verifycreateorder(java.util.Map) throws java.lang.InterruptedException,org.dom4j.DocumentException,java.io.IOException requires a @DataProvider named : Finaldatareader_VoiceLine in class com.saksoft.qa.driverlibrary.DataReader_PK
	at org.testng.internal.Parameters.findDataProvider(Parameters.java:268)
	at org.testng.internal.Parameters.handleParameters(Parameters.java:417)
	at org.testng.internal.Invoker.handleParameters(Invoker.java:1383)
	at org.testng.internal.Invoker.createParameters(Invoker.java:1075)
	at org.testng.internal.Invoker.invokeTestMethods(Invoker.java:1180)
	at org.testng.internal.TestMethodWorker.invokeTestMethods(TestMethodWorker.java:127)
	at org.testng.internal.TestMethodWorker.run(TestMethodWorker.java:111)
	at java.util.concurrent.ThreadPoolExecutor.runWorker(Unknown Source)
	at java.util.concurrent.ThreadPoolExecutor$Worker.run(Unknown Source)
	at java.lang.Thread.run(Unknown Source)
]]>
    </failure>
  </testcase> <!-- verifycreateorder -->
  <testcase name="CreateCustomer" time="0.000" classname="com.saksoft.qa.apttestscripts.APT_VoiceLineTest">
    <failure type="org.testng.TestNGException" message="
Method public void com.saksoft.qa.apttestscripts.APT_VoiceLineTest.CreateCustomer(java.util.Map) throws java.lang.Exception requires a @DataProvider named : Finaldatareader_VoiceLine in class com.saksoft.qa.driverlibrary.DataReader_PK">
      <![CDATA[org.testng.TestNGException: 
Method public void com.saksoft.qa.apttestscripts.APT_VoiceLineTest.CreateCustomer(java.util.Map) throws java.lang.Exception requires a @DataProvider named : Finaldatareader_VoiceLine in class com.saksoft.qa.driverlibrary.DataReader_PK
	at org.testng.internal.Parameters.findDataProvider(Parameters.java:268)
	at org.testng.internal.Parameters.handleParameters(Parameters.java:417)
	at org.testng.internal.Invoker.handleParameters(Invoker.java:1383)
	at org.testng.internal.Invoker.createParameters(Invoker.java:1075)
	at org.testng.internal.Invoker.invokeTestMethods(Invoker.java:1180)
	at org.testng.internal.TestMethodWorker.invokeTestMethods(TestMethodWorker.java:127)
	at org.testng.internal.TestMethodWorker.run(TestMethodWorker.java:111)
	at java.util.concurrent.ThreadPoolExecutor.runWorker(Unknown Source)
	at java.util.concurrent.ThreadPoolExecutor$Worker.run(Unknown Source)
	at java.lang.Thread.run(Unknown Source)
]]>
    </failure>
  </testcase> <!-- CreateCustomer -->
  <testcase name="verifyOrderDetailsInformation" time="0.000" classname="com.saksoft.qa.apttestscripts.APT_VoiceLineTest">
    <failure type="org.testng.TestNGException" message="
Method public void com.saksoft.qa.apttestscripts.APT_VoiceLineTest.verifyOrderDetailsInformation(java.util.Map) throws java.lang.InterruptedException,org.dom4j.DocumentException,java.io.IOException requires a @DataProvider named : Finaldatareader_VoiceLine in class com.saksoft.qa.driverlibrary.DataReader_PK">
      <![CDATA[org.testng.TestNGException: 
Method public void com.saksoft.qa.apttestscripts.APT_VoiceLineTest.verifyOrderDetailsInformation(java.util.Map) throws java.lang.InterruptedException,org.dom4j.DocumentException,java.io.IOException requires a @DataProvider named : Finaldatareader_VoiceLine in class com.saksoft.qa.driverlibrary.DataReader_PK
	at org.testng.internal.Parameters.findDataProvider(Parameters.java:268)
	at org.testng.internal.Parameters.handleParameters(Parameters.java:417)
	at org.testng.internal.Invoker.handleParameters(Invoker.java:1383)
	at org.testng.internal.Invoker.createParameters(Invoker.java:1075)
	at org.testng.internal.Invoker.invokeTestMethods(Invoker.java:1180)
	at org.testng.internal.TestMethodWorker.invokeTestMethods(TestMethodWorker.java:127)
	at org.testng.internal.TestMethodWorker.run(TestMethodWorker.java:111)
	at java.util.concurrent.ThreadPoolExecutor.runWorker(Unknown Source)
	at java.util.concurrent.ThreadPoolExecutor$Worker.run(Unknown Source)
	at java.lang.Thread.run(Unknown Source)
]]>
    </failure>
  </testcase> <!-- verifyOrderDetailsInformation -->
  <testcase name="verifyservicetypeselection" time="0.000" classname="com.saksoft.qa.apttestscripts.APT_VoiceLineTest">
    <failure type="org.testng.TestNGException" message="
Method public void com.saksoft.qa.apttestscripts.APT_VoiceLineTest.verifyservicetypeselection(java.util.Map) throws java.lang.InterruptedException,org.dom4j.DocumentException,java.io.IOException requires a @DataProvider named : Finaldatareader_VoiceLine in class com.saksoft.qa.driverlibrary.DataReader_PK">
      <![CDATA[org.testng.TestNGException: 
Method public void com.saksoft.qa.apttestscripts.APT_VoiceLineTest.verifyservicetypeselection(java.util.Map) throws java.lang.InterruptedException,org.dom4j.DocumentException,java.io.IOException requires a @DataProvider named : Finaldatareader_VoiceLine in class com.saksoft.qa.driverlibrary.DataReader_PK
	at org.testng.internal.Parameters.findDataProvider(Parameters.java:268)
	at org.testng.internal.Parameters.handleParameters(Parameters.java:417)
	at org.testng.internal.Invoker.handleParameters(Invoker.java:1383)
	at org.testng.internal.Invoker.createParameters(Invoker.java:1075)
	at org.testng.internal.Invoker.invokeTestMethods(Invoker.java:1180)
	at org.testng.internal.TestMethodWorker.invokeTestMethods(TestMethodWorker.java:127)
	at org.testng.internal.TestMethodWorker.run(TestMethodWorker.java:111)
	at java.util.concurrent.ThreadPoolExecutor.runWorker(Unknown Source)
	at java.util.concurrent.ThreadPoolExecutor$Worker.run(Unknown Source)
	at java.lang.Thread.run(Unknown Source)
]]>
    </failure>
  </testcase> <!-- verifyservicetypeselection -->
  <testcase name="verifyservicecreation" time="0.000" classname="com.saksoft.qa.apttestscripts.APT_VoiceLineTest">
    <failure type="org.testng.TestNGException" message="
Method public void com.saksoft.qa.apttestscripts.APT_VoiceLineTest.verifyservicecreation(java.util.Map) throws java.lang.InterruptedException,org.dom4j.DocumentException,java.io.IOException requires a @DataProvider named : Finaldatareader_VoiceLine in class com.saksoft.qa.driverlibrary.DataReader_PK">
      <![CDATA[org.testng.TestNGException: 
Method public void com.saksoft.qa.apttestscripts.APT_VoiceLineTest.verifyservicecreation(java.util.Map) throws java.lang.InterruptedException,org.dom4j.DocumentException,java.io.IOException requires a @DataProvider named : Finaldatareader_VoiceLine in class com.saksoft.qa.driverlibrary.DataReader_PK
	at org.testng.internal.Parameters.findDataProvider(Parameters.java:268)
	at org.testng.internal.Parameters.handleParameters(Parameters.java:417)
	at org.testng.internal.Invoker.handleParameters(Invoker.java:1383)
	at org.testng.internal.Invoker.createParameters(Invoker.java:1075)
	at org.testng.internal.Invoker.invokeTestMethods(Invoker.java:1180)
	at org.testng.internal.TestMethodWorker.invokeTestMethods(TestMethodWorker.java:127)
	at org.testng.internal.TestMethodWorker.run(TestMethodWorker.java:111)
	at java.util.concurrent.ThreadPoolExecutor.runWorker(Unknown Source)
	at java.util.concurrent.ThreadPoolExecutor$Worker.run(Unknown Source)
	at java.lang.Thread.run(Unknown Source)
]]>
    </failure>
  </testcase> <!-- verifyservicecreation -->
  <testcase name="verifyAddTrunk" time="0.000" classname="com.saksoft.qa.apttestscripts.APT_VoiceLineTest">
    <failure type="org.testng.TestNGException" message="
Method public void com.saksoft.qa.apttestscripts.APT_VoiceLineTest.verifyAddTrunk(java.util.Map) throws java.lang.InterruptedException,org.dom4j.DocumentException,java.io.IOException requires a @DataProvider named : Finaldatareader_VoiceLine in class com.saksoft.qa.driverlibrary.DataReader_PK">
      <![CDATA[org.testng.TestNGException: 
Method public void com.saksoft.qa.apttestscripts.APT_VoiceLineTest.verifyAddTrunk(java.util.Map) throws java.lang.InterruptedException,org.dom4j.DocumentException,java.io.IOException requires a @DataProvider named : Finaldatareader_VoiceLine in class com.saksoft.qa.driverlibrary.DataReader_PK
	at org.testng.internal.Parameters.findDataProvider(Parameters.java:268)
	at org.testng.internal.Parameters.handleParameters(Parameters.java:417)
	at org.testng.internal.Invoker.handleParameters(Invoker.java:1383)
	at org.testng.internal.Invoker.createParameters(Invoker.java:1075)
	at org.testng.internal.Invoker.invokeTestMethods(Invoker.java:1180)
	at org.testng.internal.TestMethodWorker.invokeTestMethods(TestMethodWorker.java:127)
	at org.testng.internal.TestMethodWorker.run(TestMethodWorker.java:111)
	at java.util.concurrent.ThreadPoolExecutor.runWorker(Unknown Source)
	at java.util.concurrent.ThreadPoolExecutor$Worker.run(Unknown Source)
	at java.lang.Thread.run(Unknown Source)
]]>
    </failure>
  </testcase> <!-- verifyAddTrunk -->
  <testcase name="verifyASRDevice" time="0.000" classname="com.saksoft.qa.apttestscripts.APT_VoiceLineTest">
    <failure type="org.testng.TestNGException" message="
Method public void com.saksoft.qa.apttestscripts.APT_VoiceLineTest.verifyASRDevice(java.util.Map) throws java.lang.InterruptedException,org.dom4j.DocumentException,java.io.IOException requires a @DataProvider named : Finaldatareader_VoiceLine in class com.saksoft.qa.driverlibrary.DataReader_PK">
      <![CDATA[org.testng.TestNGException: 
Method public void com.saksoft.qa.apttestscripts.APT_VoiceLineTest.verifyASRDevice(java.util.Map) throws java.lang.InterruptedException,org.dom4j.DocumentException,java.io.IOException requires a @DataProvider named : Finaldatareader_VoiceLine in class com.saksoft.qa.driverlibrary.DataReader_PK
	at org.testng.internal.Parameters.findDataProvider(Parameters.java:268)
	at org.testng.internal.Parameters.handleParameters(Parameters.java:417)
	at org.testng.internal.Invoker.handleParameters(Invoker.java:1383)
	at org.testng.internal.Invoker.createParameters(Invoker.java:1075)
	at org.testng.internal.Invoker.invokeTestMethods(Invoker.java:1180)
	at org.testng.internal.TestMethodWorker.invokeTestMethods(TestMethodWorker.java:127)
	at org.testng.internal.TestMethodWorker.run(TestMethodWorker.java:111)
	at java.util.concurrent.ThreadPoolExecutor.runWorker(Unknown Source)
	at java.util.concurrent.ThreadPoolExecutor$Worker.run(Unknown Source)
	at java.lang.Thread.run(Unknown Source)
]]>
    </failure>
  </testcase> <!-- verifyASRDevice -->
  <testcase name="verifyUserDetailsInformation" time="0.000" classname="com.saksoft.qa.apttestscripts.APT_VoiceLineTest">
    <failure type="org.testng.TestNGException" message="
Method public void com.saksoft.qa.apttestscripts.APT_VoiceLineTest.verifyUserDetailsInformation(java.util.Map) throws java.lang.InterruptedException,org.dom4j.DocumentException,java.io.IOException requires a @DataProvider named : Finaldatareader_VoiceLine in class com.saksoft.qa.driverlibrary.DataReader_PK">
      <![CDATA[org.testng.TestNGException: 
Method public void com.saksoft.qa.apttestscripts.APT_VoiceLineTest.verifyUserDetailsInformation(java.util.Map) throws java.lang.InterruptedException,org.dom4j.DocumentException,java.io.IOException requires a @DataProvider named : Finaldatareader_VoiceLine in class com.saksoft.qa.driverlibrary.DataReader_PK
	at org.testng.internal.Parameters.findDataProvider(Parameters.java:268)
	at org.testng.internal.Parameters.handleParameters(Parameters.java:417)
	at org.testng.internal.Invoker.handleParameters(Invoker.java:1383)
	at org.testng.internal.Invoker.createParameters(Invoker.java:1075)
	at org.testng.internal.Invoker.invokeTestMethods(Invoker.java:1180)
	at org.testng.internal.TestMethodWorker.invokeTestMethods(TestMethodWorker.java:127)
	at org.testng.internal.TestMethodWorker.run(TestMethodWorker.java:111)
	at java.util.concurrent.ThreadPoolExecutor.runWorker(Unknown Source)
	at java.util.concurrent.ThreadPoolExecutor$Worker.run(Unknown Source)
	at java.lang.Thread.run(Unknown Source)
]]>
    </failure>
  </testcase> <!-- verifyUserDetailsInformation -->
  <testcase name="viewTrunk" time="0.000" classname="com.saksoft.qa.apttestscripts.APT_VoiceLineTest">
    <failure type="org.testng.TestNGException" message="
Method public void com.saksoft.qa.apttestscripts.APT_VoiceLineTest.viewTrunk(java.util.Map) throws java.lang.Exception requires a @DataProvider named : Finaldatareader_VoiceLine in class com.saksoft.qa.driverlibrary.DataReader_PK">
      <![CDATA[org.testng.TestNGException: 
Method public void com.saksoft.qa.apttestscripts.APT_VoiceLineTest.viewTrunk(java.util.Map) throws java.lang.Exception requires a @DataProvider named : Finaldatareader_VoiceLine in class com.saksoft.qa.driverlibrary.DataReader_PK
	at org.testng.internal.Parameters.findDataProvider(Parameters.java:268)
	at org.testng.internal.Parameters.handleParameters(Parameters.java:417)
	at org.testng.internal.Invoker.handleParameters(Invoker.java:1383)
	at org.testng.internal.Invoker.createParameters(Invoker.java:1075)
	at org.testng.internal.Invoker.invokeTestMethods(Invoker.java:1180)
	at org.testng.internal.TestMethodWorker.invokeTestMethods(TestMethodWorker.java:127)
	at org.testng.internal.TestMethodWorker.run(TestMethodWorker.java:111)
	at java.util.concurrent.ThreadPoolExecutor.runWorker(Unknown Source)
	at java.util.concurrent.ThreadPoolExecutor$Worker.run(Unknown Source)
	at java.lang.Thread.run(Unknown Source)
]]>
    </failure>
  </testcase> <!-- viewTrunk -->
</testsuite> <!-- com.saksoft.qa.apttestscripts.APT_VoiceLineTest -->
