<?xml version="1.0" encoding="UTF-8"?>
<!-- Generated by org.testng.reporters.JUnitReportReporter -->
<testsuite hostname="NAVMCTMTTL108" name="com.saksoft.qa.apttestscripts.APT_wholesale" tests="3" failures="0" timestamp="9 Jul 2020 15:17:04 GMT" time="265.372" errors="0">
  <testcase name="searchCreatedService" time="47.512" classname="com.saksoft.qa.apttestscripts.APT_wholesale"/>
  <testcase name="viewMASswitch" time="143.028" classname="com.saksoft.qa.apttestscripts.APT_wholesale"/>
  <testcase name="addMASswitch" time="74.832" classname="com.saksoft.qa.apttestscripts.APT_wholesale"/>
</testsuite> <!-- com.saksoft.qa.apttestscripts.APT_wholesale -->
