<?xml version="1.0" encoding="UTF-8"?>
<!-- Generated by org.testng.reporters.JUnitReportReporter -->
<testsuite hostname="NAVMCTMTTL108" name="com.saksoft.qa.apttestscripts.APT_NGINTest" tests="12" failures="0" timestamp="10 Jul 2020 17:26:47 GMT" time="3608.928" errors="0">
  <testcase name="AddReseller" time="379.212" classname="com.saksoft.qa.apttestscripts.APT_NGINTest"/>
  <testcase name="verifyResellerLinks" time="489.221" classname="com.saksoft.qa.apttestscripts.APT_NGINTest"/>
  <testcase name="verifyServicepanelinviewservicepage" time="396.910" classname="com.saksoft.qa.apttestscripts.APT_NGINTest"/>
  <testcase name="choosecustomer" time="83.065" classname="com.saksoft.qa.apttestscripts.APT_NGINTest"/>
  <testcase name="verifyManagementOptionspanel" time="94.957" classname="com.saksoft.qa.apttestscripts.APT_NGINTest"/>
  <testcase name="verifyservicecreation" time="144.363" classname="com.saksoft.qa.apttestscripts.APT_NGINTest"/>
  <testcase name="verifyUserDetailsInformation" time="997.984" classname="com.saksoft.qa.apttestscripts.APT_NGINTest"/>
  <testcase name="verifyservicetypeselection" time="43.377" classname="com.saksoft.qa.apttestscripts.APT_NGINTest"/>
  <testcase name="verifyOrderDetailsInformation" time="526.117" classname="com.saksoft.qa.apttestscripts.APT_NGINTest"/>
  <testcase name="CreateCustomer" time="292.469" classname="com.saksoft.qa.apttestscripts.APT_NGINTest"/>
  <testcase name="verifyResellerpanelinviewservicepage" time="75.144" classname="com.saksoft.qa.apttestscripts.APT_NGINTest"/>
  <testcase name="verifycreateorder" time="86.109" classname="com.saksoft.qa.apttestscripts.APT_NGINTest"/>
</testsuite> <!-- com.saksoft.qa.apttestscripts.APT_NGINTest -->
