<?xml version="1.0" encoding="UTF-8"?>
<!-- Generated by org.testng.reporters.JUnitReportReporter -->
<testsuite hostname="NAVMCTMTTL108" name="com.saksoft.qa.apttestscripts.APT_MCS_CreateAccessCoreDevice_DCNDevice" tests="1" failures="0" timestamp="28 Jul 2020 20:08:21 GMT" time="1184.935" errors="0">
  <testcase name="verifynavigationtocreatedevicepage" time="1184.935" classname="com.saksoft.qa.apttestscripts.APT_MCS_CreateAccessCoreDevice_DCNDevice"/>
</testsuite> <!-- com.saksoft.qa.apttestscripts.APT_MCS_CreateAccessCoreDevice_DCNDevice -->
