<?xml version="1.0" encoding="UTF-8"?>
<!-- Generated by org.testng.reporters.JUnitReportReporter -->
<testsuite hostname="NAVMCTMTTL108" name="com.colt.qa.apttestscripts.APT_MCS_CreateAccessCoreDevice_Firewall" tests="1" failures="0" timestamp="11 Oct 2020 21:19:07 GMT" time="595.057" errors="0">
  <testcase name="createAccessCoreDevice_Firewall" time="595.057" classname="com.colt.qa.apttestscripts.APT_MCS_CreateAccessCoreDevice_Firewall"/>
</testsuite> <!-- com.colt.qa.apttestscripts.APT_MCS_CreateAccessCoreDevice_Firewall -->
