<?xml version="1.0" encoding="UTF-8"?>
<!-- Generated by org.testng.reporters.JUnitReportReporter -->
<testsuite skipped="0" hostname="NAVMCTMTTL108" name="com.saksoft.qa.apttestscripts.APT_MCS_CreateAccessCoreDevice_MDFFirewall" tests="3" failures="0" timestamp="2020-01-22T15:43:01 IST" time="265.269" errors="0">
  <testcase name="verifynavigationtocreatedevicepage" time="4.733" classname="com.saksoft.qa.apttestscripts.APT_MCS_CreateAccessCoreDevice_MDFFirewall"/>
  <testcase name="verifycreatedevicefields" time="2.294" classname="com.saksoft.qa.apttestscripts.APT_MCS_CreateAccessCoreDevice_MDFFirewall"/>
  <testcase name="verifycreateMDFFirewalldevice" time="258.242" classname="com.saksoft.qa.apttestscripts.APT_MCS_CreateAccessCoreDevice_MDFFirewall"/>
</testsuite> <!-- com.saksoft.qa.apttestscripts.APT_MCS_CreateAccessCoreDevice_MDFFirewall -->
