<?xml version="1.0" encoding="UTF-8"?>
<!-- Generated by org.testng.reporters.JUnitReportReporter -->
<testsuite hostname="NAVMCTMTTL108" name="com.colt.qa.apttestscripts.Manage_Postcode" tests="1" failures="0" timestamp="24 Aug 2020 10:29:17 GMT" time="719.629" errors="0">
  <testcase name="manageColtNetwork" time="719.629" classname="com.colt.qa.apttestscripts.Manage_Postcode"/>
</testsuite> <!-- com.colt.qa.apttestscripts.Manage_Postcode -->
