<?xml version="1.0" encoding="UTF-8"?>
<!-- Generated by org.testng.reporters.JUnitReportReporter -->
<testsuite hostname="NAVMCTMTTL108" name="com.saksoft.qa.apttestscripts.APT_AutomationTest" tests="2" failures="0" timestamp="26 May 2020 08:25:21 GMT" time="112.978" errors="0">
  <testcase name="verifycreateorder" time="34.877" classname="com.saksoft.qa.apttestscripts.APT_AutomationTest"/>
  <testcase name="choosecustomer" time="78.101" classname="com.saksoft.qa.apttestscripts.APT_AutomationTest"/>
</testsuite> <!-- com.saksoft.qa.apttestscripts.APT_AutomationTest -->
