<?xml version="1.0" encoding="UTF-8"?>
<!-- Generated by org.testng.reporters.JUnitReportReporter -->
<testsuite hostname="NAVMCTMTTL108" name="com.saksoft.qa.apttestscripts.APT_MCS_CreateAccessCoreDevice_AccessRouter" tests="1" failures="0" timestamp="18 Aug 2020 15:11:23 GMT" time="997.390" errors="0">
  <testcase name="verifynavigationtocreatedevicepage" time="997.390" classname="com.saksoft.qa.apttestscripts.APT_MCS_CreateAccessCoreDevice_AccessRouter"/>
</testsuite> <!-- com.saksoft.qa.apttestscripts.APT_MCS_CreateAccessCoreDevice_AccessRouter -->
