<?xml version="1.0" encoding="UTF-8"?>
<!-- Generated by org.testng.reporters.JUnitReportReporter -->
<testsuite hostname="NAVMCTMTTL108" name="com.colt.qa.apttestscripts.PerformOrder_Supply" tests="4" failures="0" timestamp="24 Aug 2020 16:23:36 GMT" time="896.617" errors="0">
  <testcase name="Verify_SupplyServiceFromOneCustomerToOtherCustomer1" time="93.875" classname="com.colt.qa.apttestscripts.PerformOrder_Supply"/>
  <testcase name="Verify_serivceOrderCreationforCustomer" time="568.292" classname="com.colt.qa.apttestscripts.PerformOrder_Supply"/>
  <testcase name="deleteFunctionality" time="162.568" classname="com.colt.qa.apttestscripts.PerformOrder_Supply"/>
  <testcase name="Verify_Subscribers" time="71.882" classname="com.colt.qa.apttestscripts.PerformOrder_Supply"/>
</testsuite> <!-- com.colt.qa.apttestscripts.PerformOrder_Supply -->
