<?xml version="1.0" encoding="UTF-8"?>
<!-- Generated by org.testng.reporters.JUnitReportReporter -->
<testsuite hostname="NAVMCTMTTL108" name="com.colt.qa.apttestscripts.APT_MCS_CreateAccessCoreDevice_AccessSwitch" tests="1" failures="0" timestamp="23 Oct 2020 18:49:11 GMT" time="779.391" errors="0">
  <testcase name="createAccessCoreDevice_AccessSwitch" time="779.391" classname="com.colt.qa.apttestscripts.APT_MCS_CreateAccessCoreDevice_AccessSwitch"/>
</testsuite> <!-- com.colt.qa.apttestscripts.APT_MCS_CreateAccessCoreDevice_AccessSwitch -->
