<?xml version="1.0" encoding="UTF-8"?>
<!-- Generated by org.testng.reporters.JUnitReportReporter -->
<testsuite hostname="NAVMCTMTTL108" name="com.colt.qa.apttestscripts.APT_MCS_CreateAccessCoreDevice_Keyserver" tests="1" failures="0" timestamp="30 Aug 2020 13:56:23 GMT" time="938.164" errors="0">
  <testcase name="CreateAccessCoreDevice_keyServer" time="938.164" classname="com.colt.qa.apttestscripts.APT_MCS_CreateAccessCoreDevice_Keyserver"/>
</testsuite> <!-- com.colt.qa.apttestscripts.APT_MCS_CreateAccessCoreDevice_Keyserver -->
