<?xml version="1.0" encoding="UTF-8"?>
<!-- Generated by org.testng.reporters.JUnitReportReporter -->
<testsuite hostname="NAVMCTMTTL108" name="com.saksoft.qa.apttestscripts.APT_MCN_SearchDevice" tests="2" failures="0" timestamp="25 May 2020 14:10:24 GMT" time="121.428" errors="0">
  <testcase name="searchtheDevice" time="109.738" classname="com.saksoft.qa.apttestscripts.APT_MCN_SearchDevice"/>
  <testcase name="verifynavigationtoSearchDevicepage" time="11.690" classname="com.saksoft.qa.apttestscripts.APT_MCN_SearchDevice"/>
</testsuite> <!-- com.saksoft.qa.apttestscripts.APT_MCN_SearchDevice -->
