<?xml version="1.0" encoding="UTF-8"?>
<!-- Generated by org.testng.reporters.JUnitReportReporter -->
<testsuite hostname="ULVMCTMTTL104" name="com.saksoft.qa.apttestscripts.APT_DomainManagementTest" tests="7" failures="7" timestamp="17 Jun 2020 07:09:43 GMT" time="0.000" errors="0">
  <testcase name="verifyservicetypeselection" time="0.000" classname="com.saksoft.qa.apttestscripts.APT_DomainManagementTest">
    <failure type="org.testng.TestNGException" message="
Method public void com.saksoft.qa.apttestscripts.APT_DomainManagementTest.verifyservicetypeselection(java.util.Map) throws java.lang.InterruptedException,org.dom4j.DocumentException,java.io.IOException requires a @DataProvider named : Finaldatareader_Domain in class com.saksoft.qa.driverlibrary.DataReader_PK">
      <![CDATA[org.testng.TestNGException: 
Method public void com.saksoft.qa.apttestscripts.APT_DomainManagementTest.verifyservicetypeselection(java.util.Map) throws java.lang.InterruptedException,org.dom4j.DocumentException,java.io.IOException requires a @DataProvider named : Finaldatareader_Domain in class com.saksoft.qa.driverlibrary.DataReader_PK
	at org.testng.internal.Parameters.findDataProvider(Parameters.java:268)
	at org.testng.internal.Parameters.handleParameters(Parameters.java:417)
	at org.testng.internal.Invoker.handleParameters(Invoker.java:1383)
	at org.testng.internal.Invoker.createParameters(Invoker.java:1075)
	at org.testng.internal.Invoker.invokeTestMethods(Invoker.java:1180)
	at org.testng.internal.TestMethodWorker.invokeTestMethods(TestMethodWorker.java:127)
	at org.testng.internal.TestMethodWorker.run(TestMethodWorker.java:111)
	at java.util.concurrent.ThreadPoolExecutor.runWorker(Unknown Source)
	at java.util.concurrent.ThreadPoolExecutor$Worker.run(Unknown Source)
	at java.lang.Thread.run(Unknown Source)
]]>
    </failure>
  </testcase> <!-- verifyservicetypeselection -->
  <testcase name="verifyservicecreation" time="0.000" classname="com.saksoft.qa.apttestscripts.APT_DomainManagementTest">
    <failure type="org.testng.TestNGException" message="
Method public void com.saksoft.qa.apttestscripts.APT_DomainManagementTest.verifyservicecreation(java.util.Map) throws java.lang.InterruptedException,org.dom4j.DocumentException,java.io.IOException requires a @DataProvider named : Finaldatareader_Domain in class com.saksoft.qa.driverlibrary.DataReader_PK">
      <![CDATA[org.testng.TestNGException: 
Method public void com.saksoft.qa.apttestscripts.APT_DomainManagementTest.verifyservicecreation(java.util.Map) throws java.lang.InterruptedException,org.dom4j.DocumentException,java.io.IOException requires a @DataProvider named : Finaldatareader_Domain in class com.saksoft.qa.driverlibrary.DataReader_PK
	at org.testng.internal.Parameters.findDataProvider(Parameters.java:268)
	at org.testng.internal.Parameters.handleParameters(Parameters.java:417)
	at org.testng.internal.Invoker.handleParameters(Invoker.java:1383)
	at org.testng.internal.Invoker.createParameters(Invoker.java:1075)
	at org.testng.internal.Invoker.invokeTestMethods(Invoker.java:1180)
	at org.testng.internal.TestMethodWorker.invokeTestMethods(TestMethodWorker.java:127)
	at org.testng.internal.TestMethodWorker.run(TestMethodWorker.java:111)
	at java.util.concurrent.ThreadPoolExecutor.runWorker(Unknown Source)
	at java.util.concurrent.ThreadPoolExecutor$Worker.run(Unknown Source)
	at java.lang.Thread.run(Unknown Source)
]]>
    </failure>
  </testcase> <!-- verifyservicecreation -->
  <testcase name="verifyorderpanelinviewservicepage" time="0.000" classname="com.saksoft.qa.apttestscripts.APT_DomainManagementTest">
    <failure type="org.testng.TestNGException" message="
Method public void com.saksoft.qa.apttestscripts.APT_DomainManagementTest.verifyorderpanelinviewservicepage(java.util.Map) throws java.lang.InterruptedException,org.dom4j.DocumentException,java.io.IOException requires a @DataProvider named : Finaldatareader_Domain in class com.saksoft.qa.driverlibrary.DataReader_PK">
      <![CDATA[org.testng.TestNGException: 
Method public void com.saksoft.qa.apttestscripts.APT_DomainManagementTest.verifyorderpanelinviewservicepage(java.util.Map) throws java.lang.InterruptedException,org.dom4j.DocumentException,java.io.IOException requires a @DataProvider named : Finaldatareader_Domain in class com.saksoft.qa.driverlibrary.DataReader_PK
	at org.testng.internal.Parameters.findDataProvider(Parameters.java:268)
	at org.testng.internal.Parameters.handleParameters(Parameters.java:417)
	at org.testng.internal.Invoker.handleParameters(Invoker.java:1383)
	at org.testng.internal.Invoker.createParameters(Invoker.java:1075)
	at org.testng.internal.Invoker.invokeTestMethods(Invoker.java:1180)
	at org.testng.internal.TestMethodWorker.invokeTestMethods(TestMethodWorker.java:127)
	at org.testng.internal.TestMethodWorker.run(TestMethodWorker.java:111)
	at java.util.concurrent.ThreadPoolExecutor.runWorker(Unknown Source)
	at java.util.concurrent.ThreadPoolExecutor$Worker.run(Unknown Source)
	at java.lang.Thread.run(Unknown Source)
]]>
    </failure>
  </testcase> <!-- verifyorderpanelinviewservicepage -->
  <testcase name="CreateCustomer" time="0.000" classname="com.saksoft.qa.apttestscripts.APT_DomainManagementTest">
    <failure type="org.testng.TestNGException" message="
Method public void com.saksoft.qa.apttestscripts.APT_DomainManagementTest.CreateCustomer(java.util.Map) throws java.lang.Exception requires a @DataProvider named : Finaldatareader_Domain in class com.saksoft.qa.driverlibrary.DataReader_PK">
      <![CDATA[org.testng.TestNGException: 
Method public void com.saksoft.qa.apttestscripts.APT_DomainManagementTest.CreateCustomer(java.util.Map) throws java.lang.Exception requires a @DataProvider named : Finaldatareader_Domain in class com.saksoft.qa.driverlibrary.DataReader_PK
	at org.testng.internal.Parameters.findDataProvider(Parameters.java:268)
	at org.testng.internal.Parameters.handleParameters(Parameters.java:417)
	at org.testng.internal.Invoker.handleParameters(Invoker.java:1383)
	at org.testng.internal.Invoker.createParameters(Invoker.java:1075)
	at org.testng.internal.Invoker.invokeTestMethods(Invoker.java:1180)
	at org.testng.internal.TestMethodWorker.invokeTestMethods(TestMethodWorker.java:127)
	at org.testng.internal.TestMethodWorker.run(TestMethodWorker.java:111)
	at java.util.concurrent.ThreadPoolExecutor.runWorker(Unknown Source)
	at java.util.concurrent.ThreadPoolExecutor$Worker.run(Unknown Source)
	at java.lang.Thread.run(Unknown Source)
]]>
    </failure>
  </testcase> <!-- CreateCustomer -->
  <testcase name="verifycreateorder" time="0.000" classname="com.saksoft.qa.apttestscripts.APT_DomainManagementTest">
    <failure type="org.testng.TestNGException" message="
Method public void com.saksoft.qa.apttestscripts.APT_DomainManagementTest.verifycreateorder(java.util.Map) throws java.lang.InterruptedException,org.dom4j.DocumentException,java.io.IOException requires a @DataProvider named : Finaldatareader_Domain in class com.saksoft.qa.driverlibrary.DataReader_PK">
      <![CDATA[org.testng.TestNGException: 
Method public void com.saksoft.qa.apttestscripts.APT_DomainManagementTest.verifycreateorder(java.util.Map) throws java.lang.InterruptedException,org.dom4j.DocumentException,java.io.IOException requires a @DataProvider named : Finaldatareader_Domain in class com.saksoft.qa.driverlibrary.DataReader_PK
	at org.testng.internal.Parameters.findDataProvider(Parameters.java:268)
	at org.testng.internal.Parameters.handleParameters(Parameters.java:417)
	at org.testng.internal.Invoker.handleParameters(Invoker.java:1383)
	at org.testng.internal.Invoker.createParameters(Invoker.java:1075)
	at org.testng.internal.Invoker.invokeTestMethods(Invoker.java:1180)
	at org.testng.internal.TestMethodWorker.invokeTestMethods(TestMethodWorker.java:127)
	at org.testng.internal.TestMethodWorker.run(TestMethodWorker.java:111)
	at java.util.concurrent.ThreadPoolExecutor.runWorker(Unknown Source)
	at java.util.concurrent.ThreadPoolExecutor$Worker.run(Unknown Source)
	at java.lang.Thread.run(Unknown Source)
]]>
    </failure>
  </testcase> <!-- verifycreateorder -->
  <testcase name="choosecustomer" time="0.000" classname="com.saksoft.qa.apttestscripts.APT_DomainManagementTest">
    <failure type="org.testng.TestNGException" message="
Method public void com.saksoft.qa.apttestscripts.APT_DomainManagementTest.choosecustomer(java.util.Map) throws java.lang.InterruptedException,org.dom4j.DocumentException,java.io.IOException requires a @DataProvider named : Finaldatareader_Domain in class com.saksoft.qa.driverlibrary.DataReader_PK">
      <![CDATA[org.testng.TestNGException: 
Method public void com.saksoft.qa.apttestscripts.APT_DomainManagementTest.choosecustomer(java.util.Map) throws java.lang.InterruptedException,org.dom4j.DocumentException,java.io.IOException requires a @DataProvider named : Finaldatareader_Domain in class com.saksoft.qa.driverlibrary.DataReader_PK
	at org.testng.internal.Parameters.findDataProvider(Parameters.java:268)
	at org.testng.internal.Parameters.handleParameters(Parameters.java:417)
	at org.testng.internal.Invoker.handleParameters(Invoker.java:1383)
	at org.testng.internal.Invoker.createParameters(Invoker.java:1075)
	at org.testng.internal.Invoker.invokeTestMethods(Invoker.java:1180)
	at org.testng.internal.TestMethodWorker.invokeTestMethods(TestMethodWorker.java:127)
	at org.testng.internal.TestMethodWorker.run(TestMethodWorker.java:111)
	at java.util.concurrent.ThreadPoolExecutor.runWorker(Unknown Source)
	at java.util.concurrent.ThreadPoolExecutor$Worker.run(Unknown Source)
	at java.lang.Thread.run(Unknown Source)
]]>
    </failure>
  </testcase> <!-- choosecustomer -->
  <testcase name="verifyservicepanelInformation" time="0.000" classname="com.saksoft.qa.apttestscripts.APT_DomainManagementTest">
    <failure type="org.testng.TestNGException" message="
Method public void com.saksoft.qa.apttestscripts.APT_DomainManagementTest.verifyservicepanelInformation(java.util.Map) throws java.lang.Exception requires a @DataProvider named : Finaldatareader_Domain in class com.saksoft.qa.driverlibrary.DataReader_PK">
      <![CDATA[org.testng.TestNGException: 
Method public void com.saksoft.qa.apttestscripts.APT_DomainManagementTest.verifyservicepanelInformation(java.util.Map) throws java.lang.Exception requires a @DataProvider named : Finaldatareader_Domain in class com.saksoft.qa.driverlibrary.DataReader_PK
	at org.testng.internal.Parameters.findDataProvider(Parameters.java:268)
	at org.testng.internal.Parameters.handleParameters(Parameters.java:417)
	at org.testng.internal.Invoker.handleParameters(Invoker.java:1383)
	at org.testng.internal.Invoker.createParameters(Invoker.java:1075)
	at org.testng.internal.Invoker.invokeTestMethods(Invoker.java:1180)
	at org.testng.internal.TestMethodWorker.invokeTestMethods(TestMethodWorker.java:127)
	at org.testng.internal.TestMethodWorker.run(TestMethodWorker.java:111)
	at java.util.concurrent.ThreadPoolExecutor.runWorker(Unknown Source)
	at java.util.concurrent.ThreadPoolExecutor$Worker.run(Unknown Source)
	at java.lang.Thread.run(Unknown Source)
]]>
    </failure>
  </testcase> <!-- verifyservicepanelInformation -->
</testsuite> <!-- com.saksoft.qa.apttestscripts.APT_DomainManagementTest -->
