<?xml version="1.0" encoding="UTF-8"?>
<!-- Generated by org.testng.reporters.JUnitReportReporter -->
<testsuite hostname="NAVMCTMTTL108" name="com.saksoft.qa.apttestscripts.APT_MCS_CreateAccessCoreDevice_DSLAM" tests="11" failures="1" timestamp="6 Jul 2020 07:30:37 GMT" time="493.901" errors="0">
  <testcase name="verifyDeviceUpdationSuccessMessagefor_DSLAMDevice" time="3.153" classname="com.saksoft.qa.apttestscripts.APT_MCS_CreateAccessCoreDevice_DSLAM"/>
  <testcase name="createDSLAMdevice" time="219.620" classname="com.saksoft.qa.apttestscripts.APT_MCS_CreateAccessCoreDevice_DSLAM"/>
  <testcase name="verifyDeviceCreationMessagefor_FirewallDevice" time="34.829" classname="com.saksoft.qa.apttestscripts.APT_MCS_CreateAccessCoreDevice_DSLAM"/>
  <testcase name="verifyDSLAMdeviceDeleteFunctionality" time="60.143" classname="com.saksoft.qa.apttestscripts.APT_MCS_CreateAccessCoreDevice_DSLAM">
    <failure type="org.openqa.selenium.TimeoutException" message="Expected condition failed: waiting for com.saksoft.qa.driverlibrary.DriverHelper$3@4468fb0b (tried for 60 second(s) with 15 SECONDS interval)">
      <![CDATA[org.openqa.selenium.TimeoutException: Expected condition failed: waiting for com.saksoft.qa.driverlibrary.DriverHelper$3@4468fb0b (tried for 60 second(s) with 15 SECONDS interval)
	at org.openqa.selenium.support.ui.FluentWait.timeoutException(FluentWait.java:264)
	at org.openqa.selenium.support.ui.FluentWait.until(FluentWait.java:232)
	at com.saksoft.qa.driverlibrary.DriverHelper.getwebelement(DriverHelper.java:334)
	at com.saksoft.qa.scripthelpers.APT_MCS_CreateDSLAMDeviceHelper.verifydeviceDelete_AccessRouter(APT_MCS_CreateDSLAMDeviceHelper.java:952)
	at com.saksoft.qa.apttestscripts.APT_MCS_CreateAccessCoreDevice_DSLAM.verifyDSLAMdeviceDeleteFunctionality(APT_MCS_CreateAccessCoreDevice_DSLAM.java:227)
	at sun.reflect.NativeMethodAccessorImpl.invoke0(Native Method)
	at sun.reflect.NativeMethodAccessorImpl.invoke(Unknown Source)
	at sun.reflect.DelegatingMethodAccessorImpl.invoke(Unknown Source)
	at java.lang.reflect.Method.invoke(Unknown Source)
	at org.testng.internal.MethodInvocationHelper.invokeMethod(MethodInvocationHelper.java:84)
	at org.testng.internal.Invoker.invokeMethod(Invoker.java:714)
	at org.testng.internal.Invoker.invokeTestMethod(Invoker.java:901)
	at org.testng.internal.Invoker.invokeTestMethods(Invoker.java:1231)
	at org.testng.internal.TestMethodWorker.invokeTestMethods(TestMethodWorker.java:127)
	at org.testng.internal.TestMethodWorker.run(TestMethodWorker.java:111)
	at org.testng.TestRunner.privateRun(TestRunner.java:767)
	at org.testng.TestRunner.run(TestRunner.java:617)
	at org.testng.SuiteRunner.runTest(SuiteRunner.java:334)
	at org.testng.SuiteRunner.runSequentially(SuiteRunner.java:329)
	at org.testng.SuiteRunner.privateRun(SuiteRunner.java:291)
	at org.testng.SuiteRunner.run(SuiteRunner.java:240)
	at org.testng.SuiteRunnerWorker.runSuite(SuiteRunnerWorker.java:52)
	at org.testng.SuiteRunnerWorker.run(SuiteRunnerWorker.java:86)
	at org.testng.TestNG.runSuitesSequentially(TestNG.java:1224)
	at org.testng.TestNG.runSuitesLocally(TestNG.java:1149)
	at org.testng.TestNG.run(TestNG.java:1057)
	at org.testng.remote.AbstractRemoteTestNG.run(AbstractRemoteTestNG.java:115)
	at org.testng.remote.RemoteTestNG.initAndRun(RemoteTestNG.java:251)
	at org.testng.remote.RemoteTestNG.main(RemoteTestNG.java:77)
Caused by: org.openqa.selenium.NoSuchElementException: no such element: Unable to locate element: {"method":"xpath","selector":"//div[text()='Device Details']/following-sibling::div//button[text()='Action']"}
  (Session info: chrome=83.0.4103.116)
  (Driver info: chromedriver=2.40.565498 (ea082db3280dd6843ebfb08a625e3eb905c4f5ab),platform=Windows NT 10.0.14393 x86_64) (WARNING: The server did not provide any stacktrace information)
Command duration or timeout: 32 milliseconds
For documentation on this error, please visit: http://seleniumhq.org/exceptions/no_such_element.html
Build info: version: '3.4.0', revision: 'unknown', time: 'unknown'
System info: host: 'NAVMCTMTTL108', ip: '10.99.7.43', os.name: 'Windows Server 2016', os.arch: 'amd64', os.version: '10.0', java.version: '1.8.0_221'
Driver info: org.openqa.selenium.chrome.ChromeDriver
Capabilities [{applicationCacheEnabled=false, rotatable=false, mobileEmulationEnabled=false, networkConnectionEnabled=false, chrome={chromedriverVersion=2.40.565498 (ea082db3280dd6843ebfb08a625e3eb905c4f5ab), userDataDir=C:\Users\SKATHI~1\AppData\Local\Temp\7\scoped_dir117992_26924}, takesHeapSnapshot=true, pageLoadStrategy=none, databaseEnabled=false, handlesAlerts=true, hasTouchScreen=false, version=83.0.4103.116, platform=XP, browserConnectionEnabled=false, nativeEvents=true, acceptSslCerts=false, acceptInsecureCerts=false, locationContextEnabled=true, webStorageEnabled=true, browserName=chrome, takesScreenshot=true, javascriptEnabled=true, cssSelectorsEnabled=true, setWindowRect=true, unexpectedAlertBehaviour=}]
Session ID: d88a89e101d846e00f32704e03cbd82e
*** Element info: {Using=xpath, value=//div[text()='Device Details']/following-sibling::div//button[text()='Action']}
	at sun.reflect.GeneratedConstructorAccessor35.newInstance(Unknown Source)
	at sun.reflect.DelegatingConstructorAccessorImpl.newInstance(Unknown Source)
	at java.lang.reflect.Constructor.newInstance(Unknown Source)
	at org.openqa.selenium.remote.ErrorHandler.createThrowable(ErrorHandler.java:215)
	at org.openqa.selenium.remote.ErrorHandler.throwIfResponseFailed(ErrorHandler.java:167)
	at org.openqa.selenium.remote.RemoteWebDriver.execute(RemoteWebDriver.java:671)
	at org.openqa.selenium.remote.RemoteWebDriver.findElement(RemoteWebDriver.java:410)
	at org.openqa.selenium.remote.RemoteWebDriver.findElementByXPath(RemoteWebDriver.java:509)
	at org.openqa.selenium.By$ByXPath.findElement(By.java:361)
	at org.openqa.selenium.remote.RemoteWebDriver.findElement(RemoteWebDriver.java:402)
	at com.saksoft.qa.driverlibrary.DriverHelper$3.apply(DriverHelper.java:336)
	at com.saksoft.qa.driverlibrary.DriverHelper$3.apply(DriverHelper.java:1)
	at org.openqa.selenium.support.ui.FluentWait.until(FluentWait.java:209)
	... 27 more
]]>
    </failure>
  </testcase> <!-- verifyDSLAMdeviceDeleteFunctionality -->
  <testcase name="verifyUpdatedValueForDevice" time="21.455" classname="com.saksoft.qa.apttestscripts.APT_MCS_CreateAccessCoreDevice_DSLAM"/>
  <testcase name="verifyTestCommandAndStatus" time="11.451" classname="com.saksoft.qa.apttestscripts.APT_MCS_CreateAccessCoreDevice_DSLAM"/>
  <testcase name="verifyEnteredValueForDevice" time="11.270" classname="com.saksoft.qa.apttestscripts.APT_MCS_CreateAccessCoreDevice_DSLAM"/>
  <testcase name="routerPanel" time="0.729" classname="com.saksoft.qa.apttestscripts.APT_MCS_CreateAccessCoreDevice_DSLAM"/>
  <testcase name="fetchDeviceInterface" time="38.184" classname="com.saksoft.qa.apttestscripts.APT_MCS_CreateAccessCoreDevice_DSLAM"/>
  <testcase name="verifynavigationtocreatedevicepage" time="25.366" classname="com.saksoft.qa.apttestscripts.APT_MCS_CreateAccessCoreDevice_DSLAM"/>
  <testcase name="editDSLAMDevice" time="67.701" classname="com.saksoft.qa.apttestscripts.APT_MCS_CreateAccessCoreDevice_DSLAM"/>
</testsuite> <!-- com.saksoft.qa.apttestscripts.APT_MCS_CreateAccessCoreDevice_DSLAM -->
