<?xml version="1.0" encoding="UTF-8"?>
<!-- Generated by org.testng.reporters.JUnitReportReporter -->
<testsuite skipped="0" hostname="NAVMCTMTTL108" name="com.saksoft.qa.apttestscripts.APT_MCS_CreateAccessCoreDevice_DCNDevice" tests="3" failures="0" timestamp="2020-01-21T18:23:21 IST" time="377.482" errors="0">
  <testcase name="verifynavigationtocreatedevicepage" time="4.510" classname="com.saksoft.qa.apttestscripts.APT_MCS_CreateAccessCoreDevice_DCNDevice"/>
  <testcase name="verifycreatedevicefields" time="1.735" classname="com.saksoft.qa.apttestscripts.APT_MCS_CreateAccessCoreDevice_DCNDevice"/>
  <testcase name="verifycreateDCNdevice" time="371.237" classname="com.saksoft.qa.apttestscripts.APT_MCS_CreateAccessCoreDevice_DCNDevice"/>
</testsuite> <!-- com.saksoft.qa.apttestscripts.APT_MCS_CreateAccessCoreDevice_DCNDevice -->
