<?xml version="1.0" encoding="UTF-8"?>
<!-- Generated by org.testng.reporters.JUnitReportReporter -->
<testsuite hostname="NAVMCTMTTL108" name="com.colt.qa.apttestscripts.Manage_Postcode" tests="1" failures="0" timestamp="23 Oct 2020 18:49:11 GMT" time="482.787" errors="0">
  <testcase name="manageColtNetwork" time="482.787" classname="com.colt.qa.apttestscripts.Manage_Postcode"/>
</testsuite> <!-- com.colt.qa.apttestscripts.Manage_Postcode -->
