<?xml version="1.0" encoding="UTF-8"?>
<!-- Generated by org.testng.reporters.JUnitReportReporter -->
<testsuite hostname="NAVMCTMTTL108" name="com.colt.qa.apttestscripts.APT_MCS_CreateAccessCoreDevice_TrafficAggregator" tests="1" failures="0" timestamp="24 Aug 2020 20:16:47 GMT" time="739.009" errors="0">
  <testcase name="createAccessCoreDevice_TrafficAggregator" time="739.009" classname="com.colt.qa.apttestscripts.APT_MCS_CreateAccessCoreDevice_TrafficAggregator"/>
</testsuite> <!-- com.colt.qa.apttestscripts.APT_MCS_CreateAccessCoreDevice_TrafficAggregator -->
