<?xml version="1.0" encoding="UTF-8"?>
<!-- Generated by org.testng.reporters.JUnitReportReporter -->
<testsuite skipped="0" hostname="NAVMCTMTTL108" name="com.saksoft.qa.apttestscripts.APT_MCS_CreateAccessCoreDevice_Keyserver" tests="3" failures="0" timestamp="2020-01-22T14:45:14 IST" time="263.906" errors="0">
  <testcase name="verifynavigationtocreatedevicepage" time="4.476" classname="com.saksoft.qa.apttestscripts.APT_MCS_CreateAccessCoreDevice_Keyserver"/>
  <testcase name="verifycreatedevicefields" time="2.229" classname="com.saksoft.qa.apttestscripts.APT_MCS_CreateAccessCoreDevice_Keyserver"/>
  <testcase name="verifycreateKeyserverdevice" time="257.201" classname="com.saksoft.qa.apttestscripts.APT_MCS_CreateAccessCoreDevice_Keyserver"/>
</testsuite> <!-- com.saksoft.qa.apttestscripts.APT_MCS_CreateAccessCoreDevice_Keyserver -->
