<?xml version="1.0" encoding="UTF-8"?>
<!-- Generated by org.testng.reporters.JUnitReportReporter -->
<testsuite hostname="NAVMCTMTTL108" name="com.colt.qa.apttestscripts.PerformOrder_Supply" tests="1" failures="0" timestamp="11 Oct 2020 21:19:07 GMT" time="311.034" errors="0">
  <testcase name="Verify_serivceOrderCreationforCustomer" time="311.034" classname="com.colt.qa.apttestscripts.PerformOrder_Supply"/>
</testsuite> <!-- com.colt.qa.apttestscripts.PerformOrder_Supply -->
