<?xml version="1.0" encoding="UTF-8"?>
<!-- Generated by org.testng.reporters.JUnitReportReporter -->
<testsuite skipped="0" hostname="NAVMCTMTTL108" name="com.saksoft.qa.apttestscripts.APT_MCS_CreateAccessCoreDevice_Firewall" tests="3" failures="0" timestamp="2020-01-22T13:52:15 IST" time="257.578" errors="0">
  <testcase name="verifynavigationtocreatedevicepage" time="4.668" classname="com.saksoft.qa.apttestscripts.APT_MCS_CreateAccessCoreDevice_Firewall"/>
  <testcase name="verifycreatedevicefields" time="1.757" classname="com.saksoft.qa.apttestscripts.APT_MCS_CreateAccessCoreDevice_Firewall"/>
  <testcase name="verifycreateFirewalldevice" time="251.153" classname="com.saksoft.qa.apttestscripts.APT_MCS_CreateAccessCoreDevice_Firewall"/>
</testsuite> <!-- com.saksoft.qa.apttestscripts.APT_MCS_CreateAccessCoreDevice_Firewall -->
