<?xml version="1.0" encoding="UTF-8"?>
<!-- Generated by org.testng.reporters.JUnitReportReporter -->
<testsuite hostname="NAVMCTMTTL108" name="com.colt.qa.apttestscripts.APT_MCS_CreateAccessCoreDevice_Keyserver" tests="1" failures="0" timestamp="22 Aug 2020 23:02:57 GMT" time="1097.433" errors="0">
  <testcase name="verifyCreateAccessCoreDevice_keyServer" time="1097.433" classname="com.colt.qa.apttestscripts.APT_MCS_CreateAccessCoreDevice_Keyserver"/>
</testsuite> <!-- com.colt.qa.apttestscripts.APT_MCS_CreateAccessCoreDevice_Keyserver -->
