<?xml version="1.0" encoding="UTF-8"?>
<!-- Generated by org.testng.reporters.JUnitReportReporter -->
<testsuite hostname="NAVMCTMTTL108" name="com.colt.qa.apttestscripts.APT_MCS_CreateAccessCoreDevice_MDFFirewall" tests="1" failures="0" timestamp="30 Aug 2020 14:17:34 GMT" time="871.695" errors="0">
  <testcase name="verifyCreateAccessCoreDevice_MDFfirewall" time="871.695" classname="com.colt.qa.apttestscripts.APT_MCS_CreateAccessCoreDevice_MDFFirewall"/>
</testsuite> <!-- com.colt.qa.apttestscripts.APT_MCS_CreateAccessCoreDevice_MDFFirewall -->
