<?xml version="1.0" encoding="UTF-8"?>
<!-- Generated by org.testng.reporters.JUnitReportReporter -->
<testsuite skipped="0" hostname="NAVMCTMTTL108" name="com.saksoft.qa.apttestscripts.APT_MCS_CreateAccessCoreDevice_VOIPAccessDASSwitch" tests="3" failures="0" timestamp="2020-01-24T09:58:44 IST" time="251.802" errors="0">
  <testcase name="verifynavigationtocreatedevicepage" time="11.527" classname="com.saksoft.qa.apttestscripts.APT_MCS_CreateAccessCoreDevice_VOIPAccessDASSwitch"/>
  <testcase name="verifycreatedevicefields" time="1.805" classname="com.saksoft.qa.apttestscripts.APT_MCS_CreateAccessCoreDevice_VOIPAccessDASSwitch"/>
  <testcase name="verifycreateVOIPAccessDASSwitchdevice" time="238.470" classname="com.saksoft.qa.apttestscripts.APT_MCS_CreateAccessCoreDevice_VOIPAccessDASSwitch"/>
</testsuite> <!-- com.saksoft.qa.apttestscripts.APT_MCS_CreateAccessCoreDevice_VOIPAccessDASSwitch -->
