<?xml version="1.0" encoding="UTF-8"?>
<!-- Generated by org.testng.reporters.JUnitReportReporter -->
<testsuite hostname="NAVMCTMTTL108" name="com.saksoft.qa.apttestscripts.PerformOrder_Supply" tests="4" failures="0" timestamp="19 Aug 2020 06:39:49 GMT" time="950.670" errors="0">
  <testcase name="Verify_Subscribers" time="72.751" classname="com.saksoft.qa.apttestscripts.PerformOrder_Supply"/>
  <testcase name="Verify_serivceOrderCreationforCustomer" time="566.468" classname="com.saksoft.qa.apttestscripts.PerformOrder_Supply"/>
  <testcase name="Verify_SupplyServiceFromOneCustomerToOtherCustomer1" time="88.076" classname="com.saksoft.qa.apttestscripts.PerformOrder_Supply"/>
  <testcase name="deleteFunctionality" time="223.375" classname="com.saksoft.qa.apttestscripts.PerformOrder_Supply"/>
</testsuite> <!-- com.saksoft.qa.apttestscripts.PerformOrder_Supply -->
