<?xml version="1.0" encoding="UTF-8"?>
<!-- Generated by org.testng.reporters.JUnitReportReporter -->
<testsuite hostname="NAVMCTMTTL108" name="com.colt.qa.apttestscripts.APT_MCS_CreateAccessCoreDevice_CoreRouter" tests="1" failures="0" timestamp="11 Oct 2020 21:19:07 GMT" time="746.797" errors="0">
  <testcase name="verifynavigationtocreatedevicepage" time="746.797" classname="com.colt.qa.apttestscripts.APT_MCS_CreateAccessCoreDevice_CoreRouter"/>
</testsuite> <!-- com.colt.qa.apttestscripts.APT_MCS_CreateAccessCoreDevice_CoreRouter -->
