<?xml version="1.0" encoding="UTF-8"?>
<!-- Generated by org.testng.reporters.JUnitReportReporter -->
<testsuite hostname="NAVMCTMTTL108" name="com.colt.qa.apttestscripts.APT_wholesale" tests="1" failures="0" timestamp="26 Aug 2020 12:56:41 GMT" time="1444.668" errors="0">
  <testcase name="wholeSale" time="1444.668" classname="com.colt.qa.apttestscripts.APT_wholesale"/>
</testsuite> <!-- com.colt.qa.apttestscripts.APT_wholesale -->
