<?xml version="1.0" encoding="UTF-8"?>
<!-- Generated by org.testng.reporters.JUnitReportReporter -->
<testsuite hostname="NAVMCTMTTL108" name="com.colt.qa.apttestscripts.IMSN_Translator" tests="1" failures="0" timestamp="23 Oct 2020 18:49:12 GMT" time="379.243" errors="0">
  <testcase name="manageNumberTranslation" time="379.243" classname="com.colt.qa.apttestscripts.IMSN_Translator"/>
</testsuite> <!-- com.colt.qa.apttestscripts.IMSN_Translator -->
