<?xml version="1.0" encoding="UTF-8"?>
<!-- Generated by org.testng.reporters.JUnitReportReporter -->
<testsuite skipped="0" hostname="NAVMCTMTTL108" name="com.saksoft.qa.apttestscripts.APT_MCS_CreateAccessCoreDevice_AccessSwitch" tests="3" failures="0" timestamp="2020-01-21T16:11:16 IST" time="384.381" errors="0">
  <testcase name="verifynavigationtocreatedevicepage" time="4.417" classname="com.saksoft.qa.apttestscripts.APT_MCS_CreateAccessCoreDevice_AccessSwitch"/>
  <testcase name="verifycreatedevicefields" time="2.439" classname="com.saksoft.qa.apttestscripts.APT_MCS_CreateAccessCoreDevice_AccessSwitch"/>
  <testcase name="verifycreateAccessSwitchdevice" time="377.525" classname="com.saksoft.qa.apttestscripts.APT_MCS_CreateAccessCoreDevice_AccessSwitch"/>
</testsuite> <!-- com.saksoft.qa.apttestscripts.APT_MCS_CreateAccessCoreDevice_AccessSwitch -->
