<?xml version="1.0" encoding="UTF-8"?>
<!-- Generated by org.testng.reporters.JUnitReportReporter -->
<testsuite hostname="NAVMCTMTTL108" name="com.saksoft.qa.apttestscripts.APT_MCS_CreateAccessCoreDevice_CoreRouter" tests="2" failures="0" timestamp="20 Aug 2020 09:04:07 GMT" time="2167.205" errors="0">
  <testcase name="verifynavigationtocreatedevicepage" time="1094.837" classname="com.saksoft.qa.apttestscripts.APT_MCS_CreateAccessCoreDevice_CoreRouter"/>
  <testcase name="verifynavigationtocreatedevicepage" time="1072.368" classname="com.saksoft.qa.apttestscripts.APT_MCS_CreateAccessCoreDevice_CoreRouter"/>
</testsuite> <!-- com.saksoft.qa.apttestscripts.APT_MCS_CreateAccessCoreDevice_CoreRouter -->
