<?xml version="1.0" encoding="UTF-8"?>
<!-- Generated by org.testng.reporters.JUnitReportReporter -->
<testsuite hostname="NAVMCTMTTL107" name="com.saksoft.qa.apttestscripts.APT_MCS_CreateOrder_NGIN" tests="9" failures="0" timestamp="8 Jan 2020 17:52:52 GMT" time="274.502" errors="0">
  <testcase name="CreateCustomer" time="17.579" classname="com.saksoft.qa.apttestscripts.APT_MCS_CreateOrder_NGIN"/>
  <testcase name="verifyexistingorder" time="0.017" classname="com.saksoft.qa.apttestscripts.APT_MCS_CreateOrder_NGIN"/>
  <testcase name="verifyServicepanelinviewservicepage" time="2.105" classname="com.saksoft.qa.apttestscripts.APT_MCS_CreateOrder_NGIN"/>
  <testcase name="verifyservicetypecreation" time="207.271" classname="com.saksoft.qa.apttestscripts.APT_MCS_CreateOrder_NGIN"/>
  <testcase name="verifyorderpanelinviewservicepage" time="2.255" classname="com.saksoft.qa.apttestscripts.APT_MCS_CreateOrder_NGIN"/>
  <testcase name="verifyservicetypeselection" time="13.658" classname="com.saksoft.qa.apttestscripts.APT_MCS_CreateOrder_NGIN"/>
  <testcase name="choosecustomer" time="13.286" classname="com.saksoft.qa.apttestscripts.APT_MCS_CreateOrder_NGIN"/>
  <testcase name="verifyneworder" time="17.130" classname="com.saksoft.qa.apttestscripts.APT_MCS_CreateOrder_NGIN"/>
  <testcase name="verifyservicetypecreationfields" time="1.201" classname="com.saksoft.qa.apttestscripts.APT_MCS_CreateOrder_NGIN"/>
</testsuite> <!-- com.saksoft.qa.apttestscripts.APT_MCS_CreateOrder_NGIN -->
