<?xml version="1.0" encoding="UTF-8"?>
<!-- Generated by org.testng.reporters.JUnitReportReporter -->
<testsuite hostname="NAVMCTMTTL108" name="com.colt.qa.apttestscripts.PerformOrder_Supply" tests="4" failures="0" timestamp="22 Aug 2020 17:20:45 GMT" time="889.706" errors="0">
  <testcase name="Verify_serivceOrderCreationforCustomer" time="564.038" classname="com.colt.qa.apttestscripts.PerformOrder_Supply"/>
  <testcase name="Verify_Subscribers" time="73.256" classname="com.colt.qa.apttestscripts.PerformOrder_Supply"/>
  <testcase name="deleteFunctionality" time="163.891" classname="com.colt.qa.apttestscripts.PerformOrder_Supply"/>
  <testcase name="Verify_SupplyServiceFromOneCustomerToOtherCustomer1" time="88.521" classname="com.colt.qa.apttestscripts.PerformOrder_Supply"/>
</testsuite> <!-- com.colt.qa.apttestscripts.PerformOrder_Supply -->
