<?xml version="1.0" encoding="UTF-8"?>
<!-- Generated by org.testng.reporters.JUnitReportReporter -->
<testsuite hostname="NAVMCTMTTL108" name="com.colt.qa.apttestscripts.APT_MCS_CustomerFunctionality" tests="1" failures="0" timestamp="23 Oct 2020 18:49:12 GMT" time="560.048" errors="0">
  <testcase name="Verify_CreateCustomerFunctionality" time="560.048" classname="com.colt.qa.apttestscripts.APT_MCS_CustomerFunctionality"/>
</testsuite> <!-- com.colt.qa.apttestscripts.APT_MCS_CustomerFunctionality -->
