<?xml version="1.0" encoding="UTF-8"?>
<!-- Generated by org.testng.reporters.JUnitReportReporter -->
<testsuite hostname="NAVMCTMTTL108" name="com.colt.qa.apttestscripts.APT_MCS_CreateAccessCoreDevice_Prizmnet" tests="1" failures="0" timestamp="30 Aug 2020 16:35:20 GMT" time="946.722" errors="0">
  <testcase name="createAccessCoreDevice_Prizmnet" time="946.722" classname="com.colt.qa.apttestscripts.APT_MCS_CreateAccessCoreDevice_Prizmnet"/>
</testsuite> <!-- com.colt.qa.apttestscripts.APT_MCS_CreateAccessCoreDevice_Prizmnet -->
