<?xml version="1.0" encoding="UTF-8"?>
<!-- Generated by org.testng.reporters.JUnitReportReporter -->
<testsuite hostname="NAVMCTMTTL108" name="com.colt.qa.apttestscripts.APT_MCS_CreateAccessCoreDevice_AccessRouter" tests="1" failures="0" timestamp="23 Oct 2020 02:18:17 GMT" time="628.055" errors="0">
  <testcase name="createAccessCoreDevice_AccesRouter" time="628.055" classname="com.colt.qa.apttestscripts.APT_MCS_CreateAccessCoreDevice_AccessRouter"/>
</testsuite> <!-- com.colt.qa.apttestscripts.APT_MCS_CreateAccessCoreDevice_AccessRouter -->
