<?xml version="1.0" encoding="UTF-8"?>
<!-- Generated by org.testng.reporters.JUnitReportReporter -->
<testsuite hostname="NAVMCTMTTL108" name="com.colt.qa.apttestscripts.APT_MCS_CreateAccessCoreDevice_DCNDevice" tests="1" failures="0" timestamp="22 Aug 2020 23:02:57 GMT" time="832.434" errors="0">
  <testcase name="verifynavigationtocreatedevicepage" time="832.434" classname="com.colt.qa.apttestscripts.APT_MCS_CreateAccessCoreDevice_DCNDevice"/>
</testsuite> <!-- com.colt.qa.apttestscripts.APT_MCS_CreateAccessCoreDevice_DCNDevice -->
