<?xml version="1.0" encoding="UTF-8"?>
<!-- Generated by org.testng.reporters.JUnitReportReporter -->
<testsuite hostname="NAVMCTMTTL108" name="com.saksoft.qa.apttestscripts.Manage_Postcode" tests="1" failures="0" timestamp="19 Aug 2020 06:20:52 GMT" time="654.172" errors="0">
  <testcase name="manageColtNetwork" time="654.172" classname="com.saksoft.qa.apttestscripts.Manage_Postcode"/>
</testsuite> <!-- com.saksoft.qa.apttestscripts.Manage_Postcode -->
