<?xml version="1.0" encoding="UTF-8"?>
<!-- Generated by org.testng.reporters.JUnitReportReporter -->
<testsuite hostname="NAVMCTMTTL108" name="com.saksoft.qa.apttestscripts.APT_MCS_CustomerFunctionality" tests="5" failures="0" timestamp="18 Aug 2020 18:37:52 GMT" time="351.280" errors="0">
  <testcase name="Verify_CreateCustomerFunctionality" time="68.541" classname="com.saksoft.qa.apttestscripts.APT_MCS_CustomerFunctionality"/>
  <testcase name="Verify_CreateCustomerFunctionality" time="69.410" classname="com.saksoft.qa.apttestscripts.APT_MCS_CustomerFunctionality"/>
  <testcase name="Verify_CreateCustomerFunctionality" time="56.134" classname="com.saksoft.qa.apttestscripts.APT_MCS_CustomerFunctionality"/>
  <testcase name="Verify_CreateCustomerFunctionality" time="71.013" classname="com.saksoft.qa.apttestscripts.APT_MCS_CustomerFunctionality"/>
  <testcase name="Verify_CreateCustomerFunctionality" time="86.182" classname="com.saksoft.qa.apttestscripts.APT_MCS_CustomerFunctionality"/>
</testsuite> <!-- com.saksoft.qa.apttestscripts.APT_MCS_CustomerFunctionality -->
