<?xml version="1.0" encoding="UTF-8"?>
<!-- Generated by org.testng.reporters.JUnitReportReporter -->
<testsuite hostname="NAVMCTMTTL108" name="com.saksoft.qa.apttestscripts.IMSN_Translator" tests="1" failures="0" timestamp="17 Aug 2020 18:07:59 GMT" time="65.206" errors="0">
  <testcase name="manageColtNetwork" time="65.206" classname="com.saksoft.qa.apttestscripts.IMSN_Translator"/>
</testsuite> <!-- com.saksoft.qa.apttestscripts.IMSN_Translator -->
