<?xml version="1.0" encoding="UTF-8"?>
<!-- Generated by org.testng.reporters.JUnitReportReporter -->
<testsuite skipped="0" hostname="NAVMCTMTTL108" name="com.saksoft.qa.apttestscripts.APT_MCS_CreateAccessCoreDevice_CoreRouter" tests="3" failures="0" timestamp="2020-01-21T17:07:12 IST" time="245.677" errors="0">
  <testcase name="verifynavigationtocreatedevicepage" time="4.644" classname="com.saksoft.qa.apttestscripts.APT_MCS_CreateAccessCoreDevice_CoreRouter"/>
  <testcase name="verifycreatedevicefields" time="1.715" classname="com.saksoft.qa.apttestscripts.APT_MCS_CreateAccessCoreDevice_CoreRouter"/>
  <testcase name="verifycreateCoreRouterdevice" time="239.318" classname="com.saksoft.qa.apttestscripts.APT_MCS_CreateAccessCoreDevice_CoreRouter"/>
</testsuite> <!-- com.saksoft.qa.apttestscripts.APT_MCS_CreateAccessCoreDevice_CoreRouter -->
