<?xml version="1.0" encoding="UTF-8"?>
<!-- Generated by org.testng.reporters.JUnitReportReporter -->
<testsuite skipped="0" hostname="NAVMCTMTTL108" name="com.saksoft.qa.apttestscripts.APT_MCS_CreateAccessCoreDevice_TrafficAggregator" tests="3" failures="0" timestamp="2020-01-23T10:50:55 IST" time="257.665" errors="0">
  <testcase name="verifynavigationtocreatedevicepage" time="4.779" classname="com.saksoft.qa.apttestscripts.APT_MCS_CreateAccessCoreDevice_TrafficAggregator"/>
  <testcase name="verifycreatedevicefields" time="1.777" classname="com.saksoft.qa.apttestscripts.APT_MCS_CreateAccessCoreDevice_TrafficAggregator"/>
  <testcase name="verifycreateTrafficAggregatordevice" time="251.109" classname="com.saksoft.qa.apttestscripts.APT_MCS_CreateAccessCoreDevice_TrafficAggregator"/>
</testsuite> <!-- com.saksoft.qa.apttestscripts.APT_MCS_CreateAccessCoreDevice_TrafficAggregator -->
