<?xml version="1.0" encoding="UTF-8"?>
<!-- Generated by org.testng.reporters.JUnitReportReporter -->
<testsuite skipped="0" hostname="NAVMCTMTTL108" name="com.saksoft.qa.apttestscripts.APT_MCS_CreateAccessCoreDevice_AccessRouter" tests="3" failures="0" timestamp="2020-01-21T13:28:26 IST" time="368.319" errors="0">
  <testcase name="verifynavigationtocreatedevicepage" time="4.499" classname="com.saksoft.qa.apttestscripts.APT_MCS_CreateAccessCoreDevice_AccessRouter"/>
  <testcase name="verifycreatedevicefields" time="1.765" classname="com.saksoft.qa.apttestscripts.APT_MCS_CreateAccessCoreDevice_AccessRouter"/>
  <testcase name="verifycreateaccessrouterdevice" time="362.055" classname="com.saksoft.qa.apttestscripts.APT_MCS_CreateAccessCoreDevice_AccessRouter"/>
</testsuite> <!-- com.saksoft.qa.apttestscripts.APT_MCS_CreateAccessCoreDevice_AccessRouter -->
