<?xml version="1.0" encoding="UTF-8"?>
<!-- Generated by org.testng.reporters.JUnitReportReporter -->
<testsuite skipped="0" hostname="NAVMCTMTTL108" name="com.saksoft.qa.apttestscripts.APT_MCS_CreateAccessDevice" tests="1" failures="0" timestamp="2020-01-28T15:08:48 IST" time="56.907" errors="0">
  <testcase name="verifysearchdevice" time="56.907" classname="com.saksoft.qa.apttestscripts.APT_MCS_CreateAccessDevice"/>
</testsuite> <!-- com.saksoft.qa.apttestscripts.APT_MCS_CreateAccessDevice -->
